Virtuoso Framework License (111) was checked out successfully. Total checkout time was 0.02s.
Loading /escnfs/courses/fa22-cse-40462.01/dropbox/lfalk2/VLSI/.simrc file.
*INFO* (icLic-302) License Virtuoso_Layout_Suite_GXL ("Layout GXL") was used to run Layout L.

Running simulation in directory: "/escnfs/courses/fa22-cse-40462.01/dropbox/lfalk2/VLSI/LVS".



Begin netlist:    Nov  1 10:09:20 2022
	view name list	= ("auLvs" "extracted")
	stop name list	= ("auLvs")
	library name	= "lab4_lfmsrm"
	cell name	= "nmos_4l"
	view name	= "extracted"
	globals lib	= "basic"
Running Artist Flat Netlisting ...
End netlist:    Nov  1 10:09:20 2022

Moving original netlist to extNetlist
Removing parasitic components from netlist
	presistors removed:  0
	pcapacitors removed: 0
	pinductors removed:  0
	pdiodes removed:     0
	trans lines removed: 0
	4 nodes merged into 4 nodes


Begin netlist:    Nov  1 10:09:20 2022
	view name list	= ("auLvs" "cmos_sch" "schematic" "symbol")
	stop name list	= ("auLvs")
	library name	= "lab4_lfmsrm"
	cell name	= "nmos_4l"
	view name	= "schemtatic"
	globals lib	= "basic"
Running Artist Flat Netlisting ...
*INFO* (icLic-302) License Virtuoso_Layout_Suite_GXL ("Layout GXL") was used to run Layout L.
End netlist:    Nov  1 10:09:21 2022

Moving original netlist to extNetlist
Removing parasitic components from netlist
	presistors removed:  0
	pcapacitors removed: 0
	pinductors removed:  0
	pdiodes removed:     0
	trans lines removed: 0
	5 nodes merged into 5 nodes

Running netlist comparison program:  LVS
Begin comparison:    Nov  1 10:09:21 2022
@(#)$CDS: LVS version 6.1.7-64b 12/16/2018 07:37 (sjfhw317) $

The net-lists match.

                             layout  schematic
                                instances
        un-matched              0       0      
        rewired                 0       0      
        size errors             0       0      
        pruned                  0       0      
        active                  1       1      
        total                   1       1      

                                  nets
        un-matched              0       0      
        merged                  0       0      
        pruned                  0       0      
        active                  4       4      
        total                   4       4      

                                terminals
        un-matched              0       0      
        matched but
        different type          0       0      
        total                   4       4      
End comparison:      Nov  1 10:09:21 2022
*INFO* (icLic-302) License Virtuoso_Layout_Suite_GXL ("Layout GXL") was used to run Layout L.


Comparison program completed successfully.
