@(#)$CDS: LVS version 6.1.7-64b 12/16/2018 07:37 (sjfhw317) $

Command line: /escnfs/home/csesoft/cadence/installs/IC617/tools.lnx86/dfII/bin/64bit/LVS -dir /escnfs/courses/fa22-cse-40462.01/dropbox/lfalk2/VLSI/LVS -l -s -x/escnfs/courses/fa22-cse-40462.01/dropbox/lfalk2/VLSI/LVS/xref.out -f -t /escnfs/courses/fa22-cse-40462.01/dropbox/lfalk2/VLSI/LVS/layout /escnfs/courses/fa22-cse-40462.01/dropbox/lfalk2/VLSI/LVS/schematic
Like matching is enabled.
Net swapping is enabled.
Creating cross reference file /escnfs/courses/fa22-cse-40462.01/dropbox/lfalk2/VLSI/LVS/xref.out.
Fixed device checking is enabled.
Using terminal names as correspondence points.
Compiling Diva LVS rules...

    Net-list summary for /escnfs/courses/fa22-cse-40462.01/dropbox/lfalk2/VLSI/LVS/layout/netlist
       count
        4               nets
        4               terminals
        1               nmos

    Net-list summary for /escnfs/courses/fa22-cse-40462.01/dropbox/lfalk2/VLSI/LVS/schematic/netlist
       count
        4               nets
        4               terminals
        1               nmos


    Terminal correspondence points
    N3        N3        D
    N2        N4        G
    N1        N1        S
    N0        N0        gnd!

Devices in the rules but not in the netlist:
        cap nfet pfet pmos nmos4 pmos4

The net-lists match.

                             layout  schematic
                                instances
        un-matched              0       0      
        rewired                 0       0      
        size errors             0       0      
        pruned                  0       0      
        active                  1       1      
        total                   1       1      

                                  nets
        un-matched              0       0      
        merged                  0       0      
        pruned                  0       0      
        active                  4       4      
        total                   4       4      

                                terminals
        un-matched              0       0      
        matched but
        different type          0       0      
        total                   4       4      


Probe files from /escnfs/courses/fa22-cse-40462.01/dropbox/lfalk2/VLSI/LVS/schematic

devbad.out:

netbad.out:

mergenet.out:

termbad.out:

prunenet.out:

prunedev.out:

audit.out:


Probe files from /escnfs/courses/fa22-cse-40462.01/dropbox/lfalk2/VLSI/LVS/layout

devbad.out:

netbad.out:

mergenet.out:

termbad.out:

prunenet.out:

prunedev.out:

audit.out:
